-- Found ament_cmake: 0.9.12 (/opt/ros/foxy/share/ament_cmake/cmake)
-- Using PYTHON_EXECUTABLE: /home/ww/anaconda3/bin/python3
-- Found rclcpp: 2.4.3 (/opt/ros/foxy/share/rclcpp/cmake)
-- Using all available rosidl_typesupport_c: rosidl_typesupport_fastrtps_c;rosidl_typesupport_introspection_c
-- Found rosidl_adapter: 1.3.1 (/opt/ros/foxy/share/rosidl_adapter/cmake)
-- Using all available rosidl_typesupport_cpp: rosidl_typesupport_fastrtps_cpp;rosidl_typesupport_introspection_cpp
-- Found rmw_implementation_cmake: 1.0.4 (/opt/ros/foxy/share/rmw_implementation_cmake/cmake)
-- Using RMW implementation 'rmw_fastrtps_cpp' as default
-- Found sensor_msgs: 2.0.5 (/opt/ros/foxy/share/sensor_msgs/cmake)
-- Found cv_bridge: 3.0.7 (/opt/ros/foxy/share/cv_bridge/cmake)
-- Found ament_lint_auto: 0.9.8 (/opt/ros/foxy/share/ament_lint_auto/cmake)
-- Added test 'copyright' to check source files copyright and LICENSE
-- Added test 'cppcheck' to perform static code analysis on C / C++ code
-- Configured cppcheck include dirs: 
-- Configured cppcheck exclude dirs and/or files: 
-- Added test 'cpplint' to check C / C++ code against the Google style
-- Configured cpplint exclude dirs and/or files: 
-- Added test 'lint_cmake' to check CMake code style
-- Added test 'uncrustify' to check C / C++ code style
-- Configured uncrustify additional arguments: 
-- Added test 'xmllint' to check XML markup files
-- Configuring done
-- Generating done
-- Build files have been written to: /home/ww/Documents/detector/build/camera_node
[ 50%] [32m[1mLinking CXX executable camera_node[0m
/usr/bin/ld: CMakeFiles/camera_node.dir/src/camera_node.cpp.o: in function `CameraNode::CameraNode()':
camera_node.cpp:(.text._ZN10CameraNodeC2Ev[_ZN10CameraNodeC5Ev]+0x1fc): undefined reference to `image_transport::create_publisher(rclcpp::Node*, std::__cxx11::basic_string<char, std::char_traits<char>, std::allocator<char> > const&, rmw_qos_profile_t)'
/usr/bin/ld: CMakeFiles/camera_node.dir/src/camera_node.cpp.o: in function `CameraNode::captureAndPublish()':
camera_node.cpp:(.text._ZN10CameraNode17captureAndPublishEv[_ZN10CameraNode17captureAndPublishEv]+0x3c9): undefined reference to `image_transport::Publisher::publish(std::shared_ptr<sensor_msgs::msg::Image_<std::allocator<void> > const> const&) const'
collect2: error: ld returned 1 exit status
make[2]: *** [CMakeFiles/camera_node.dir/build.make:195: camera_node] Error 1
make[1]: *** [CMakeFiles/Makefile2:78: CMakeFiles/camera_node.dir/all] Error 2
make: *** [Makefile:141: all] Error 2
