[01m[K/home/ww/Documents/detector/src/camera_node/src/camera_node.cpp:47:24:[m[K [01;31m[Kerror: [m[Kdefault argument missing for parameter 4 of â€˜[01m[KCameraNode::Config::Config(const bool&, const string&, const string&, const int&)[m[Kâ€™
   47 |             [01;31m[Kconst int &pub_time_interval[m[K)
      |             [01;31m[K~~~~~~~~~~~^~~~~~~~~~~~~~~~~[m[K
[01m[K/home/ww/Documents/detector/src/camera_node/src/camera_node.cpp:44:28:[m[K [01;36m[Knote: [m[K...following parameter 1 which has a default argument
   44 |         Config([01;36m[Kconst bool &undistort = false[m[K,
      |                [01;36m[K~~~~~~~~~~~~^~~~~~~~~~~~~~~~~[m[K
[01m[K/home/ww/Documents/detector/src/camera_node/src/camera_node.cpp:[m[K In constructor â€˜[01m[KCameraNode::Config::Config(const bool&, const string&, const string&, const int&)[m[Kâ€™:
[01m[K/home/ww/Documents/detector/src/camera_node/src/camera_node.cpp:44:28:[m[K [01;35m[Kwarning: [m[Kunused parameter â€˜[01m[Kundistort[m[Kâ€™ [[01;35m[K-Wunused-parameter[m[K]
make[2]: *** [CMakeFiles/camera_node.dir/build.make:63: CMakeFiles/camera_node.dir/src/camera_node.cpp.o] Error 1
make[1]: *** [CMakeFiles/Makefile2:78: CMakeFiles/camera_node.dir/all] Error 2
make: *** [Makefile:141: all] Error 2
