[0.015s] Invoking command in '/home/wl/Documents/detector/build/camera_node': CMAKE_PREFIX_PATH=/opt/ros/foxy CONDA_PROMPT_MODIFIER=(yolov10) /home/wl/anaconda3/envs/yolov10/bin/cmake --build /home/wl/Documents/detector/build/camera_node -- -j16 -l16
[0.071s] -- Found ament_cmake: 0.9.12 (/opt/ros/foxy/share/ament_cmake/cmake)
[0.072s] [33mCMake Warning (dev) at /opt/ros/foxy/share/ament_cmake_core/cmake/core/python.cmake:22 (find_package):
[0.072s]   Policy CMP0148 is not set: The FindPythonInterp and FindPythonLibs modules
[0.072s]   are removed.  Run "cmake --help-policy CMP0148" for policy details.  Use
[0.073s]   the cmake_policy command to set the policy and suppress this warning.
[0.073s] 
[0.073s] Call Stack (most recent call first):
[0.073s]   /opt/ros/foxy/share/ament_cmake_core/cmake/core/all.cmake:53 (include)
[0.073s]   /opt/ros/foxy/share/ament_cmake_core/cmake/ament_cmake_core-extras.cmake:17 (include)
[0.073s]   /opt/ros/foxy/share/ament_cmake_core/cmake/ament_cmake_coreConfig.cmake:41 (include)
[0.073s]   /opt/ros/foxy/share/ament_cmake/cmake/ament_cmake_export_dependencies-extras.cmake:15 (find_package)
[0.073s]   /opt/ros/foxy/share/ament_cmake/cmake/ament_cmakeConfig.cmake:41 (include)
[0.073s]   CMakeLists.txt:19 (find_package)
[0.073s] This warning is for project developers.  Use -Wno-dev to suppress it.
[0.073s] [0m
[0.092s] -- Using PYTHON_EXECUTABLE: /home/wl/anaconda3/envs/yolov10/bin/python3
[0.209s] -- Found rclcpp: 2.4.3 (/opt/ros/foxy/share/rclcpp/cmake)
[0.237s] -- Using all available rosidl_typesupport_c: rosidl_typesupport_fastrtps_c;rosidl_typesupport_introspection_c
[0.239s] -- Found rosidl_adapter: 1.3.1 (/opt/ros/foxy/share/rosidl_adapter/cmake)
[0.348s] -- Using all available rosidl_typesupport_cpp: rosidl_typesupport_fastrtps_cpp;rosidl_typesupport_introspection_cpp
[0.388s] -- Found rmw_implementation_cmake: 1.0.4 (/opt/ros/foxy/share/rmw_implementation_cmake/cmake)
[0.389s] -- Using RMW implementation 'rmw_fastrtps_cpp' as default
[0.497s] -- Found sensor_msgs: 2.0.5 (/opt/ros/foxy/share/sensor_msgs/cmake)
[0.582s] -- Found cv_bridge: 3.0.7 (/opt/ros/foxy/share/cv_bridge/cmake)
[0.606s] -- Found image_transport: 2.4.0 (/opt/ros/foxy/share/image_transport/cmake)
[0.638s] -- Found ament_lint_auto: 0.9.8 (/opt/ros/foxy/share/ament_lint_auto/cmake)
[0.740s] -- Added test 'copyright' to check source files copyright and LICENSE
[0.741s] -- Added test 'cppcheck' to perform static code analysis on C / C++ code
[0.741s] -- Configured cppcheck include dirs: 
[0.741s] -- Configured cppcheck exclude dirs and/or files: 
[0.741s] -- Added test 'cpplint' to check C / C++ code against the Google style
[0.741s] -- Configured cpplint exclude dirs and/or files: 
[0.742s] -- Added test 'lint_cmake' to check CMake code style
[0.742s] -- Added test 'uncrustify' to check C / C++ code style
[0.742s] -- Configured uncrustify additional arguments: 
[0.743s] -- Added test 'xmllint' to check XML markup files
[0.743s] -- Configuring done (0.7s)
[0.756s] -- Generating done (0.0s)
[0.756s] -- Build files have been written to: /home/wl/Documents/detector/build/camera_node
[0.776s] [ 50%] [32m[1mLinking CXX executable camera_node[0m
[1.135s] /usr/bin/ld: CMakeFiles/camera_node.dir/src/camera_node.cpp.o: in function `rs2::error::error(rs2_error*)':
[1.135s] camera_node.cpp:(.text._ZN3rs25errorC2EP9rs2_error[_ZN3rs25errorC5EP9rs2_error]+0x32): undefined reference to `rs2_get_error_message'
[1.135s] /usr/bin/ld: camera_node.cpp:(.text._ZN3rs25errorC2EP9rs2_error[_ZN3rs25errorC5EP9rs2_error]+0x77): undefined reference to `rs2_get_failed_function'
[1.135s] /usr/bin/ld: camera_node.cpp:(.text._ZN3rs25errorC2EP9rs2_error[_ZN3rs25errorC5EP9rs2_error]+0x9e): undefined reference to `rs2_get_failed_function'
[1.135s] /usr/bin/ld: camera_node.cpp:(.text._ZN3rs25errorC2EP9rs2_error[_ZN3rs25errorC5EP9rs2_error]+0x101): undefined reference to `rs2_get_failed_args'
[1.135s] /usr/bin/ld: camera_node.cpp:(.text._ZN3rs25errorC2EP9rs2_error[_ZN3rs25errorC5EP9rs2_error]+0x128): undefined reference to `rs2_get_failed_args'
[1.136s] /usr/bin/ld: camera_node.cpp:(.text._ZN3rs25errorC2EP9rs2_error[_ZN3rs25errorC5EP9rs2_error]+0x18b): undefined reference to `rs2_get_librealsense_exception_type'
[1.136s] /usr/bin/ld: camera_node.cpp:(.text._ZN3rs25errorC2EP9rs2_error[_ZN3rs25errorC5EP9rs2_error]+0x19e): undefined reference to `rs2_free_error'
[1.136s] /usr/bin/ld: CMakeFiles/camera_node.dir/src/camera_node.cpp.o: in function `rs2::error::handle(rs2_error*)':
[1.136s] camera_node.cpp:(.text._ZN3rs25error6handleEP9rs2_error[_ZN3rs25error6handleEP9rs2_error]+0x26): undefined reference to `rs2_get_librealsense_exception_type'
[1.136s] /usr/bin/ld: CMakeFiles/camera_node.dir/src/camera_node.cpp.o: in function `rs2::stream_profile::stream_profile(rs2_stream_profile const*)':
[1.136s] camera_node.cpp:(.text._ZN3rs214stream_profileC2EPK18rs2_stream_profile[_ZN3rs214stream_profileC5EPK18rs2_stream_profile]+0xc2): undefined reference to `rs2_get_stream_profile_data'
[1.136s] /usr/bin/ld: camera_node.cpp:(.text._ZN3rs214stream_profileC2EPK18rs2_stream_profile[_ZN3rs214stream_profileC5EPK18rs2_stream_profile]+0xe8): undefined reference to `rs2_is_stream_profile_default'
[1.136s] /usr/bin/ld: CMakeFiles/camera_node.dir/src/camera_node.cpp.o: in function `rs2::frame::~frame()':
[1.136s] camera_node.cpp:(.text._ZN3rs25frameD2Ev[_ZN3rs25frameD5Ev]+0x27): undefined reference to `rs2_release_frame'
[1.136s] /usr/bin/ld: CMakeFiles/camera_node.dir/src/camera_node.cpp.o: in function `rs2::frame::get_data() const':
[1.136s] camera_node.cpp:(.text._ZNK3rs25frame8get_dataEv[_ZNK3rs25frame8get_dataEv]+0x39): undefined reference to `rs2_get_frame_data'
[1.136s] /usr/bin/ld: CMakeFiles/camera_node.dir/src/camera_node.cpp.o: in function `rs2::frame::get_profile() const':
[1.136s] camera_node.cpp:(.text._ZNK3rs25frame11get_profileEv[_ZNK3rs25frame11get_profileEv]+0x3d): undefined reference to `rs2_get_frame_stream_profile'
[1.136s] /usr/bin/ld: CMakeFiles/camera_node.dir/src/camera_node.cpp.o: in function `rs2::frame::add_ref() const':
[1.136s] camera_node.cpp:(.text._ZNK3rs25frame7add_refEv[_ZNK3rs25frame7add_refEv]+0x39): undefined reference to `rs2_frame_add_ref'
[1.136s] /usr/bin/ld: CMakeFiles/camera_node.dir/src/camera_node.cpp.o: in function `rs2::frame::reset()':
[1.136s] camera_node.cpp:(.text._ZN3rs25frame5resetEv[_ZN3rs25frame5resetEv]+0x27): undefined reference to `rs2_release_frame'
[1.136s] /usr/bin/ld: CMakeFiles/camera_node.dir/src/camera_node.cpp.o: in function `rs2::video_frame::video_frame(rs2::frame const&)':
[1.136s] camera_node.cpp:(.text._ZN3rs211video_frameC2ERKNS_5frameE[_ZN3rs211video_frameC5ERKNS_5frameE]+0x71): undefined reference to `rs2_is_frame_extendable_to'
[1.136s] /usr/bin/ld: CMakeFiles/camera_node.dir/src/camera_node.cpp.o: in function `rs2::video_frame::get_width() const':
[1.137s] camera_node.cpp:(.text._ZNK3rs211video_frame9get_widthEv[_ZNK3rs211video_frame9get_widthEv]+0x41): undefined reference to `rs2_get_frame_width'
[1.137s] /usr/bin/ld: CMakeFiles/camera_node.dir/src/camera_node.cpp.o: in function `rs2::video_frame::get_height() const':
[1.137s] camera_node.cpp:(.text._ZNK3rs211video_frame10get_heightEv[_ZNK3rs211video_frame10get_heightEv]+0x41): undefined reference to `rs2_get_frame_height'
[1.137s] /usr/bin/ld: CMakeFiles/camera_node.dir/src/camera_node.cpp.o: in function `rs2::frameset::frameset(rs2::frame const&)':
[1.137s] camera_node.cpp:(.text._ZN3rs28framesetC2ERKNS_5frameE[_ZN3rs28framesetC5ERKNS_5frameE]+0x7d): undefined reference to `rs2_is_frame_extendable_to'
[1.137s] /usr/bin/ld: camera_node.cpp:(.text._ZN3rs28framesetC2ERKNS_5frameE[_ZN3rs28framesetC5ERKNS_5frameE]+0xe6): undefined reference to `rs2_embedded_frames_count'
[1.137s] /usr/bin/ld: CMakeFiles/camera_node.dir/src/camera_node.cpp.o: in function `rs2::context::context(char const*)':
[1.137s] camera_node.cpp:(.text._ZN3rs27contextC2EPKc[_ZN3rs27contextC5EPKc]+0x49): undefined reference to `rs2_create_context_ex'
[1.137s] /usr/bin/ld: camera_node.cpp:(.text._ZN3rs27contextC2EPKc[_ZN3rs27contextC5EPKc]+0x57): undefined reference to `rs2_delete_context'
[1.137s] /usr/bin/ld: CMakeFiles/camera_node.dir/src/camera_node.cpp.o: in function `rs2::config::config()':
[1.137s] camera_node.cpp:(.text._ZN3rs26configC2Ev[_ZN3rs26configC5Ev]+0x3c): undefined reference to `rs2_create_config'
[1.137s] /usr/bin/ld: camera_node.cpp:(.text._ZN3rs26configC2Ev[_ZN3rs26configC5Ev]+0x4a): undefined reference to `rs2_delete_config'
[1.137s] /usr/bin/ld: CMakeFiles/camera_node.dir/src/camera_node.cpp.o: in function `rs2::config::enable_stream(rs2_stream, int, int, int, rs2_format, int)':
[1.137s] camera_node.cpp:(.text._ZN3rs26config13enable_streamE10rs2_streamiii10rs2_formati[_ZN3rs26config13enable_streamE10rs2_streamiii10rs2_formati]+0x64): undefined reference to `rs2_config_enable_stream'
[1.137s] /usr/bin/ld: CMakeFiles/camera_node.dir/src/camera_node.cpp.o: in function `rs2::pipeline::pipeline(rs2::context)':
[1.137s] camera_node.cpp:(.text._ZN3rs28pipelineC2ENS_7contextE[_ZN3rs28pipelineC5ENS_7contextE]+0x52): undefined reference to `rs2_create_pipeline'
[1.137s] /usr/bin/ld: camera_node.cpp:(.text._ZN3rs28pipelineC2ENS_7contextE[_ZN3rs28pipelineC5ENS_7contextE]+0x60): undefined reference to `rs2_delete_pipeline'
[1.137s] /usr/bin/ld: CMakeFiles/camera_node.dir/src/camera_node.cpp.o: in function `rs2::pipeline::start(rs2::config const&)':
[1.137s] camera_node.cpp:(.text._ZN3rs28pipeline5startERKNS_6configE[_ZN3rs28pipeline5startERKNS_6configE]+0x6f): undefined reference to `rs2_pipeline_start_with_config'
[1.137s] /usr/bin/ld: camera_node.cpp:(.text._ZN3rs28pipeline5startERKNS_6configE[_ZN3rs28pipeline5startERKNS_6configE]+0x7d): undefined reference to `rs2_delete_pipeline_profile'
[1.137s] /usr/bin/ld: CMakeFiles/camera_node.dir/src/camera_node.cpp.o: in function `rs2::pipeline::stop()':
[1.137s] camera_node.cpp:(.text._ZN3rs28pipeline4stopEv[_ZN3rs28pipeline4stopEv]+0x41): undefined reference to `rs2_pipeline_stop'
[1.138s] /usr/bin/ld: CMakeFiles/camera_node.dir/src/camera_node.cpp.o: in function `rs2::pipeline::wait_for_frames(unsigned int) const':
[1.138s] camera_node.cpp:(.text._ZNK3rs28pipeline15wait_for_framesEj[_ZNK3rs28pipeline15wait_for_framesEj]+0x4b): undefined reference to `rs2_pipeline_wait_for_frames'
[1.138s] /usr/bin/ld: CMakeFiles/camera_node.dir/src/camera_node.cpp.o: in function `void rs2::frameset::foreach_rs<rs2::frameset::first_or_default(rs2_stream, rs2_format) const::{lambda(rs2::frame)#1}>(rs2::frameset::first_or_default(rs2_stream, rs2_format) const::{lambda(rs2::frame)#1}) const':
[1.138s] camera_node.cpp:(.text._ZNK3rs28frameset10foreach_rsIZNKS0_16first_or_defaultE10rs2_stream10rs2_formatEUlNS_5frameEE_EEvT_[_ZNK3rs28frameset10foreach_rsIZNKS0_16first_or_defaultE10rs2_stream10rs2_formatEUlNS_5frameEE_EEvT_]+0x84): undefined reference to `rs2_extract_frame'
[1.138s] collect2: error: ld returned 1 exit status
[1.138s] make[2]: *** [CMakeFiles/camera_node.dir/build.make:219: camera_node] Error 1
[1.138s] make[1]: *** [CMakeFiles/Makefile2:137: CMakeFiles/camera_node.dir/all] Error 2
[1.138s] make: *** [Makefile:146: all] Error 2
[1.145s] Invoked command in '/home/wl/Documents/detector/build/camera_node' returned '2': CMAKE_PREFIX_PATH=/opt/ros/foxy CONDA_PROMPT_MODIFIER=(yolov10) /home/wl/anaconda3/envs/yolov10/bin/cmake --build /home/wl/Documents/detector/build/camera_node -- -j16 -l16
