[35m[1mScanning dependencies of target camera_node[0m
[ 50%] [32mBuilding CXX object CMakeFiles/camera_node.dir/src/camera_node.cpp.o[0m
[01m[K/home/ww/Documents/detector/src/camera_node/src/camera_node.cpp:[m[K In member function â€˜[01m[Kvoid CameraNode::captureAndPublish()[m[Kâ€™:
[01m[K/home/ww/Documents/detector/src/camera_node/src/camera_node.cpp:69:37:[m[K [01;31m[Kerror: [m[Kâ€˜[01m[Kdistort[m[Kâ€™ was not declared in this scope; did you mean â€˜[01m[Kundistort[m[Kâ€™?
   69 |         std::cout << "distort: " << [01;31m[Kdistort[m[K << std::endl;
      |                                     [01;31m[K^~~~~~~[m[K
      |                                     [32m[Kundistort[m[K
make[2]: *** [CMakeFiles/camera_node.dir/build.make:63: CMakeFiles/camera_node.dir/src/camera_node.cpp.o] Error 1
make[1]: *** [CMakeFiles/Makefile2:78: CMakeFiles/camera_node.dir/all] Error 2
make: *** [Makefile:141: all] Error 2
