[0.014s] Invoking command in '/home/wl/Documents/detector/build/camera_node': CMAKE_PREFIX_PATH=/opt/ros/foxy CONDA_PROMPT_MODIFIER=(RL) /usr/bin/cmake --build /home/wl/Documents/detector/build/camera_node -- -j16 -l16
[0.042s] [ 50%] [32mBuilding CXX object CMakeFiles/camera_node.dir/src/camera_node.cpp.o[0m
[3.695s] [100%] [32m[1mLinking CXX executable camera_node[0m
[4.027s] /usr/bin/ld: CMakeFiles/camera_node.dir/src/camera_node.cpp.o: in function `rs2::error::error(rs2_error*)':
[4.028s] camera_node.cpp:(.text._ZN3rs25errorC2EP9rs2_error[_ZN3rs25errorC5EP9rs2_error]+0x32): undefined reference to `rs2_get_error_message'
[4.028s] /usr/bin/ld: camera_node.cpp:(.text._ZN3rs25errorC2EP9rs2_error[_ZN3rs25errorC5EP9rs2_error]+0x77): undefined reference to `rs2_get_failed_function'
[4.028s] /usr/bin/ld: camera_node.cpp:(.text._ZN3rs25errorC2EP9rs2_error[_ZN3rs25errorC5EP9rs2_error]+0x9e): undefined reference to `rs2_get_failed_function'
[4.028s] /usr/bin/ld: camera_node.cpp:(.text._ZN3rs25errorC2EP9rs2_error[_ZN3rs25errorC5EP9rs2_error]+0x101): undefined reference to `rs2_get_failed_args'
[4.028s] /usr/bin/ld: camera_node.cpp:(.text._ZN3rs25errorC2EP9rs2_error[_ZN3rs25errorC5EP9rs2_error]+0x128): undefined reference to `rs2_get_failed_args'
[4.028s] /usr/bin/ld: camera_node.cpp:(.text._ZN3rs25errorC2EP9rs2_error[_ZN3rs25errorC5EP9rs2_error]+0x18b): undefined reference to `rs2_get_librealsense_exception_type'
[4.028s] /usr/bin/ld: camera_node.cpp:(.text._ZN3rs25errorC2EP9rs2_error[_ZN3rs25errorC5EP9rs2_error]+0x19e): undefined reference to `rs2_free_error'
[4.028s] /usr/bin/ld: CMakeFiles/camera_node.dir/src/camera_node.cpp.o: in function `rs2::error::handle(rs2_error*)':
[4.028s] camera_node.cpp:(.text._ZN3rs25error6handleEP9rs2_error[_ZN3rs25error6handleEP9rs2_error]+0x26): undefined reference to `rs2_get_librealsense_exception_type'
[4.028s] /usr/bin/ld: CMakeFiles/camera_node.dir/src/camera_node.cpp.o: in function `rs2::stream_profile::stream_profile(rs2_stream_profile const*)':
[4.028s] camera_node.cpp:(.text._ZN3rs214stream_profileC2EPK18rs2_stream_profile[_ZN3rs214stream_profileC5EPK18rs2_stream_profile]+0xc2): undefined reference to `rs2_get_stream_profile_data'
[4.028s] /usr/bin/ld: camera_node.cpp:(.text._ZN3rs214stream_profileC2EPK18rs2_stream_profile[_ZN3rs214stream_profileC5EPK18rs2_stream_profile]+0xe8): undefined reference to `rs2_is_stream_profile_default'
[4.028s] /usr/bin/ld: CMakeFiles/camera_node.dir/src/camera_node.cpp.o: in function `rs2::frame::~frame()':
[4.028s] camera_node.cpp:(.text._ZN3rs25frameD2Ev[_ZN3rs25frameD5Ev]+0x27): undefined reference to `rs2_release_frame'
[4.028s] /usr/bin/ld: CMakeFiles/camera_node.dir/src/camera_node.cpp.o: in function `rs2::frame::get_data() const':
[4.028s] camera_node.cpp:(.text._ZNK3rs25frame8get_dataEv[_ZNK3rs25frame8get_dataEv]+0x39): undefined reference to `rs2_get_frame_data'
[4.029s] /usr/bin/ld: CMakeFiles/camera_node.dir/src/camera_node.cpp.o: in function `rs2::frame::get_profile() const':
[4.029s] camera_node.cpp:(.text._ZNK3rs25frame11get_profileEv[_ZNK3rs25frame11get_profileEv]+0x3d): undefined reference to `rs2_get_frame_stream_profile'
[4.029s] /usr/bin/ld: CMakeFiles/camera_node.dir/src/camera_node.cpp.o: in function `rs2::frame::add_ref() const':
[4.029s] camera_node.cpp:(.text._ZNK3rs25frame7add_refEv[_ZNK3rs25frame7add_refEv]+0x39): undefined reference to `rs2_frame_add_ref'
[4.029s] /usr/bin/ld: CMakeFiles/camera_node.dir/src/camera_node.cpp.o: in function `rs2::frame::reset()':
[4.029s] camera_node.cpp:(.text._ZN3rs25frame5resetEv[_ZN3rs25frame5resetEv]+0x27): undefined reference to `rs2_release_frame'
[4.029s] /usr/bin/ld: CMakeFiles/camera_node.dir/src/camera_node.cpp.o: in function `rs2::video_frame::video_frame(rs2::frame const&)':
[4.029s] camera_node.cpp:(.text._ZN3rs211video_frameC2ERKNS_5frameE[_ZN3rs211video_frameC5ERKNS_5frameE]+0x71): undefined reference to `rs2_is_frame_extendable_to'
[4.029s] /usr/bin/ld: CMakeFiles/camera_node.dir/src/camera_node.cpp.o: in function `rs2::video_frame::get_width() const':
[4.029s] camera_node.cpp:(.text._ZNK3rs211video_frame9get_widthEv[_ZNK3rs211video_frame9get_widthEv]+0x41): undefined reference to `rs2_get_frame_width'
[4.029s] /usr/bin/ld: CMakeFiles/camera_node.dir/src/camera_node.cpp.o: in function `rs2::video_frame::get_height() const':
[4.029s] camera_node.cpp:(.text._ZNK3rs211video_frame10get_heightEv[_ZNK3rs211video_frame10get_heightEv]+0x41): undefined reference to `rs2_get_frame_height'
[4.029s] /usr/bin/ld: CMakeFiles/camera_node.dir/src/camera_node.cpp.o: in function `rs2::frameset::frameset(rs2::frame const&)':
[4.029s] camera_node.cpp:(.text._ZN3rs28framesetC2ERKNS_5frameE[_ZN3rs28framesetC5ERKNS_5frameE]+0x7d): undefined reference to `rs2_is_frame_extendable_to'
[4.029s] /usr/bin/ld: camera_node.cpp:(.text._ZN3rs28framesetC2ERKNS_5frameE[_ZN3rs28framesetC5ERKNS_5frameE]+0xe6): undefined reference to `rs2_embedded_frames_count'
[4.029s] /usr/bin/ld: CMakeFiles/camera_node.dir/src/camera_node.cpp.o: in function `rs2::context::context(char const*)':
[4.029s] camera_node.cpp:(.text._ZN3rs27contextC2EPKc[_ZN3rs27contextC5EPKc]+0x49): undefined reference to `rs2_create_context_ex'
[4.029s] /usr/bin/ld: camera_node.cpp:(.text._ZN3rs27contextC2EPKc[_ZN3rs27contextC5EPKc]+0x57): undefined reference to `rs2_delete_context'
[4.029s] /usr/bin/ld: CMakeFiles/camera_node.dir/src/camera_node.cpp.o: in function `rs2::config::config()':
[4.029s] camera_node.cpp:(.text._ZN3rs26configC2Ev[_ZN3rs26configC5Ev]+0x3c): undefined reference to `rs2_create_config'
[4.029s] /usr/bin/ld: camera_node.cpp:(.text._ZN3rs26configC2Ev[_ZN3rs26configC5Ev]+0x4a): undefined reference to `rs2_delete_config'
[4.030s] /usr/bin/ld: CMakeFiles/camera_node.dir/src/camera_node.cpp.o: in function `rs2::config::enable_stream(rs2_stream, int, int, int, rs2_format, int)':
[4.030s] camera_node.cpp:(.text._ZN3rs26config13enable_streamE10rs2_streamiii10rs2_formati[_ZN3rs26config13enable_streamE10rs2_streamiii10rs2_formati]+0x64): undefined reference to `rs2_config_enable_stream'
[4.030s] /usr/bin/ld: CMakeFiles/camera_node.dir/src/camera_node.cpp.o: in function `rs2::pipeline::pipeline(rs2::context)':
[4.030s] camera_node.cpp:(.text._ZN3rs28pipelineC2ENS_7contextE[_ZN3rs28pipelineC5ENS_7contextE]+0x52): undefined reference to `rs2_create_pipeline'
[4.030s] /usr/bin/ld: camera_node.cpp:(.text._ZN3rs28pipelineC2ENS_7contextE[_ZN3rs28pipelineC5ENS_7contextE]+0x60): undefined reference to `rs2_delete_pipeline'
[4.030s] /usr/bin/ld: CMakeFiles/camera_node.dir/src/camera_node.cpp.o: in function `rs2::pipeline::start(rs2::config const&)':
[4.030s] camera_node.cpp:(.text._ZN3rs28pipeline5startERKNS_6configE[_ZN3rs28pipeline5startERKNS_6configE]+0x6f): undefined reference to `rs2_pipeline_start_with_config'
[4.030s] /usr/bin/ld: camera_node.cpp:(.text._ZN3rs28pipeline5startERKNS_6configE[_ZN3rs28pipeline5startERKNS_6configE]+0x7d): undefined reference to `rs2_delete_pipeline_profile'
[4.030s] /usr/bin/ld: CMakeFiles/camera_node.dir/src/camera_node.cpp.o: in function `rs2::pipeline::stop()':
[4.030s] camera_node.cpp:(.text._ZN3rs28pipeline4stopEv[_ZN3rs28pipeline4stopEv]+0x41): undefined reference to `rs2_pipeline_stop'
[4.030s] /usr/bin/ld: CMakeFiles/camera_node.dir/src/camera_node.cpp.o: in function `rs2::pipeline::wait_for_frames(unsigned int) const':
[4.030s] camera_node.cpp:(.text._ZNK3rs28pipeline15wait_for_framesEj[_ZNK3rs28pipeline15wait_for_framesEj]+0x4b): undefined reference to `rs2_pipeline_wait_for_frames'
[4.030s] /usr/bin/ld: CMakeFiles/camera_node.dir/src/camera_node.cpp.o: in function `void rs2::frameset::foreach_rs<rs2::frameset::first_or_default(rs2_stream, rs2_format) const::{lambda(rs2::frame)#1}>(rs2::frameset::first_or_default(rs2_stream, rs2_format) const::{lambda(rs2::frame)#1}) const':
[4.030s] camera_node.cpp:(.text._ZNK3rs28frameset10foreach_rsIZNKS0_16first_or_defaultE10rs2_stream10rs2_formatEUlNS_5frameEE_EEvT_[_ZNK3rs28frameset10foreach_rsIZNKS0_16first_or_defaultE10rs2_stream10rs2_formatEUlNS_5frameEE_EEvT_]+0x84): undefined reference to `rs2_extract_frame'
[4.030s] collect2: error: ld returned 1 exit status
[4.031s] make[2]: *** [CMakeFiles/camera_node.dir/build.make:219: camera_node] Error 1
[4.031s] make[1]: *** [CMakeFiles/Makefile2:137: CMakeFiles/camera_node.dir/all] Error 2
[4.032s] make: *** [Makefile:146: all] Error 2
[4.034s] Invoked command in '/home/wl/Documents/detector/build/camera_node' returned '2': CMAKE_PREFIX_PATH=/opt/ros/foxy CONDA_PROMPT_MODIFIER=(RL) /usr/bin/cmake --build /home/wl/Documents/detector/build/camera_node -- -j16 -l16
